[09:03:27] [main/INFO] (Quilt Loader/GameProvider) Loading Minecraft 1.19 with Quilt Loader 0.17.1-beta.2
[09:03:27] [main/INFO] (Quilt Loader) Loading 61 mods:
	- java 17
	- minecraft 1.19
	- multiplatform 1.0.0-SNAPSHOT
	- quilt_base 2.0.0-beta.2+1.19
	- quilt_biome 2.0.0-beta.2+1.19
	- quilt_block_extensions 2.0.0-beta.2+1.19
	- quilt_client_command 2.0.0-beta.2+1.19
	- quilt_command 2.0.0-beta.2+1.19
	- quilt_crash_info 2.0.0-beta.2+1.19
	- quilt_dimension 2.0.0-beta.2+1.19
	- quilt_item_group 2.0.0-beta.2+1.19
	- quilt_item_setting 2.0.0-beta.2+1.19
	- quilt_lifecycle_events 2.0.0-beta.2+1.19
	- quilt_loader 0.17.1-beta.2
	- quilt_networking 2.0.0-beta.2+1.19
	- quilt_recipe 2.0.0-beta.2+1.19
	- quilt_registry 2.0.0-beta.2+1.19
	- quilt_registry_entry_attachments 2.0.0-beta.2+1.19
	- quilt_resource_loader 2.0.0-beta.2+1.19
	- quilt_screen 2.0.0-beta.2+1.19
	- quilt_tags 2.0.0-beta.2+1.19
	- quilt_tooltip 2.0.0-beta.2+1.19
	- quilted_fabric_api 2.0.0-alpha.3+0.55.3-1.19
	- quilted_fabric_api_base 2.0.0-alpha.3+0.55.3-1.19
	- quilted_fabric_api_lookup_api_v1 2.0.0-alpha.3+0.55.3-1.19
	- quilted_fabric_biome_api_v1 2.0.0-alpha.3+0.55.3-1.19
	- quilted_fabric_blockrenderlayer_v1 2.0.0-alpha.3+0.55.3-1.19
	- quilted_fabric_command_api_v2 2.0.0-alpha.3+0.55.3-1.19
	- quilted_fabric_content_registries_v0 2.0.0-alpha.3+0.55.3-1.19
	- quilted_fabric_convention_tags_api_v1 2.0.0-alpha.3+0.55.3-1.19
	- quilted_fabric_crash_report_info_v1 2.0.0-alpha.3+0.55.3-1.19
	- quilted_fabric_data_generation_api_v1 2.0.0-alpha.3+0.55.3-1.19
	- quilted_fabric_dimensions_v1 2.0.0-alpha.3+0.55.3-1.19
	- quilted_fabric_entity_events_v1 2.0.0-alpha.3+0.55.3-1.19
	- quilted_fabric_events_interaction_v0 2.0.0-alpha.3+0.55.3-1.19
	- quilted_fabric_game_rule_api_v1 2.0.0-alpha.3+0.55.3-1.19
	- quilted_fabric_gametest_api_v1 2.0.0-alpha.3+0.55.3-1.19
	- quilted_fabric_item_api_v1 2.0.0-alpha.3+0.55.3-1.19
	- quilted_fabric_item_groups_v0 2.0.0-alpha.3+0.55.3-1.19
	- quilted_fabric_key_binding_api_v1 2.0.0-alpha.3+0.55.3-1.19
	- quilted_fabric_lifecycle_events_v1 2.0.0-alpha.3+0.55.3-1.19
	- quilted_fabric_loot_api_v2 2.0.0-alpha.3+0.55.3-1.19
	- quilted_fabric_message_api_v1 2.0.0-alpha.3+0.55.3-1.19
	- quilted_fabric_mining_level_api_v1 2.0.0-alpha.3+0.55.3-1.19
	- quilted_fabric_models_v0 2.0.0-alpha.3+0.55.3-1.19
	- quilted_fabric_networking_api_v1 2.0.0-alpha.3+0.55.3-1.19
	- quilted_fabric_object_builder_api_v1 2.0.0-alpha.3+0.55.3-1.19
	- quilted_fabric_particles_v1 2.0.0-alpha.3+0.55.3-1.19
	- quilted_fabric_registry_sync_v0 2.0.0-alpha.3+0.55.3-1.19
	- quilted_fabric_renderer_api_v1 2.0.0-alpha.3+0.55.3-1.19
	- quilted_fabric_renderer_indigo 2.0.0-alpha.3+0.55.3-1.19
	- quilted_fabric_rendering_data_attachment_v1 2.0.0-alpha.3+0.55.3-1.19
	- quilted_fabric_rendering_fluids_v1 2.0.0-alpha.3+0.55.3-1.19
	- quilted_fabric_rendering_v1 2.0.0-alpha.3+0.55.3-1.19
	- quilted_fabric_resource_conditions_api_v1 2.0.0-alpha.3+0.55.3-1.19
	- quilted_fabric_resource_loader_v0 2.0.0-alpha.3+0.55.3-1.19
	- quilted_fabric_screen_api_v1 2.0.0-alpha.3+0.55.3-1.19
	- quilted_fabric_screen_handler_api_v1 2.0.0-alpha.3+0.55.3-1.19
	- quilted_fabric_textures_v0 2.0.0-alpha.3+0.55.3-1.19
	- quilted_fabric_transfer_api_v1 2.0.0-alpha.3+0.55.3-1.19
	- quilted_fabric_transitive_access_wideners_v1 2.0.0-alpha.3+0.55.3-1.19
[09:03:28] [main/INFO] (Quilt Loader/Mixin) SpongePowered MIXIN Subsystem Version=0.8.5 Source=file:/C:/Users/aaron/.gradle/caches/modules-2/files-2.1/net.fabricmc/sponge-mixin/0.11.2+mixin.0.8.5/f4ae569d559b5e3244b67321945261d83ff7ad8e/sponge-mixin-0.11.2+mixin.0.8.5.jar Service=Knot/Quilt Env=CLIENT
[09:03:28] [main/INFO] (Quilt Loader/Mixin) Loaded Quilt development mappings for mixin remapper!
[09:03:28] [main/INFO] (Quilt Loader/Mixin) Compatibility level set to JAVA_17
[09:03:33] [main/INFO] (Minecraft) Building optimized datafixer
[09:03:36] [main/INFO] (Initializer) [Quilt Command] Networking support is enabled
[09:03:37] [Render thread/INFO] (Minecraft) Environment: authHost='https://authserver.mojang.com', accountsHost='https://api.mojang.com', sessionHost='https://sessionserver.mojang.com', servicesHost='https://api.minecraftservices.com', name='PROD'
[09:03:37] [Render thread/ERROR] (Minecraft) Failed to verify authentication
com.mojang.authlib.exceptions.InvalidCredentialsException: Status: 401
	at com.mojang.authlib.exceptions.MinecraftClientHttpException.toAuthenticationException(MinecraftClientHttpException.java:56) ~[authlib-3.5.41.jar:?]
	at com.mojang.authlib.yggdrasil.YggdrasilUserApiService.fetchProperties(YggdrasilUserApiService.java:140) ~[authlib-3.5.41.jar:?]
	at com.mojang.authlib.yggdrasil.YggdrasilUserApiService.<init>(YggdrasilUserApiService.java:47) ~[authlib-3.5.41.jar:?]
	at com.mojang.authlib.yggdrasil.YggdrasilAuthenticationService.createUserApiService(YggdrasilAuthenticationService.java:158) ~[authlib-3.5.41.jar:?]
	at net.minecraft.client.Minecraft.createUserApiService(Minecraft.java:677) [minecraft-project-@platform@platform-quilt-merged-named.jar:?]
	at net.minecraft.client.Minecraft.<init>(Minecraft.java:415) [minecraft-project-@platform@platform-quilt-merged-named.jar:?]
	at net.minecraft.client.main.Main.main(Main.java:198) [minecraft-project-@platform@platform-quilt-merged-named.jar:?]
	at jdk.internal.reflect.NativeMethodAccessorImpl.invoke0(Native Method) ~[?:?]
	at jdk.internal.reflect.NativeMethodAccessorImpl.invoke(NativeMethodAccessorImpl.java:77) ~[?:?]
	at jdk.internal.reflect.DelegatingMethodAccessorImpl.invoke(DelegatingMethodAccessorImpl.java:43) ~[?:?]
	at java.lang.reflect.Method.invoke(Method.java:568) ~[?:?]
	at org.quiltmc.loader.impl.game.minecraft.MinecraftGameProvider.launch(MinecraftGameProvider.java:423) [quilt-loader-0.17.1-beta.2.jar:?]
	at org.quiltmc.loader.impl.launch.knot.Knot.launch(Knot.java:76) [quilt-loader-0.17.1-beta.2.jar:?]
	at org.quiltmc.loader.impl.launch.knot.KnotClient.main(KnotClient.java:24) [quilt-loader-0.17.1-beta.2.jar:?]
	at net.fabricmc.devlaunchinjector.Main.main(Main.java:86) [dev-launch-injector-0.2.1+build.8.jar:?]
Caused by: com.mojang.authlib.exceptions.MinecraftClientHttpException: Status: 401
	at com.mojang.authlib.minecraft.client.MinecraftClient.readInputStream(MinecraftClient.java:85) ~[authlib-3.5.41.jar:?]
	at com.mojang.authlib.minecraft.client.MinecraftClient.get(MinecraftClient.java:48) ~[authlib-3.5.41.jar:?]
	at com.mojang.authlib.yggdrasil.YggdrasilUserApiService.fetchProperties(YggdrasilUserApiService.java:121) ~[authlib-3.5.41.jar:?]
	... 13 more
[09:03:37] [Render thread/INFO] (Minecraft) Setting user: Player499
[09:03:38] [Render thread/INFO] (Indigo) [Indigo] Registering Indigo renderer!
[09:03:38] [Render thread/INFO] (ClientInitializer) [Quilt Command|Client] Networking support is enabled
[09:03:38] [Render thread/INFO] (Minecraft) Backend library: LWJGL version 3.3.1 build 7
[09:03:40] [Render thread/INFO] (Minecraft) Narrator library for x64 successfully loaded
[09:03:41] [Worker-Main-12/ERROR] (Minecraft) Failed to retrieve profile key pair
java.io.IOException: Could not retrieve profile key pair
	at net.minecraft.client.multiplayer.ProfileKeyPairManager.fetchProfileKeyPair(ProfileKeyPairManager.java:112) ~[minecraft-project-@platform@platform-quilt-merged-named.jar:?]
	at net.minecraft.client.multiplayer.ProfileKeyPairManager.method_44291(ProfileKeyPairManager.java:56) ~[minecraft-project-@platform@platform-quilt-merged-named.jar:?]
	at java.util.concurrent.CompletableFuture$AsyncSupply.run(CompletableFuture.java:1768) [?:?]
	at java.util.concurrent.CompletableFuture$AsyncSupply.exec(CompletableFuture.java:1760) [?:?]
	at java.util.concurrent.ForkJoinTask.doExec(ForkJoinTask.java:373) [?:?]
	at java.util.concurrent.ForkJoinPool$WorkQueue.topLevelExec(ForkJoinPool.java:1182) [?:?]
	at java.util.concurrent.ForkJoinPool.scan(ForkJoinPool.java:1655) [?:?]
	at java.util.concurrent.ForkJoinPool.runWorker(ForkJoinPool.java:1622) [?:?]
	at java.util.concurrent.ForkJoinWorkerThread.run(ForkJoinWorkerThread.java:165) [?:?]
[09:03:41] [Render thread/INFO] (Minecraft) Reloading ResourceManager: Default (Quilted Fabric Lifecycle Events (v1), Quilt Item Setting API, Quilted Fabric API Lookup API (v1), Quilted Fabric Renderer - Indigo, Quilted Fabric Transitive Access Wideners (v1), Quilt Item Group API, Quilted Fabric Rendering Fluids (v1), Quilt Registry API, Quilted Fabric Item Groups (v0), Quilted Fabric Renderer API (v1), Quilt Screen API, Quilted Fabric Networking API (v1), Quilt Tags API, Quilt Resource Loader, Quilted Fabric Rendering (v1), Quilted Fabric Crash Report Info (v1), Quilted Fabric Transfer API (v1), Quilt Command API, Quilted Fabric Game Rule API (v1), Quilt Block Extensions API, Quilt Networking, Quilted Fabric API, Quilted Fabric Game Test API (v1), Quilted Fabric Resource Conditions API (v1), Quilted Fabric Dimensions API (v1), Quilted Fabric Screen Handler API (v1), Quilt Recipe API, Quilted Fabric Textures (v0), Quilted Fabric Loot API (v2), Quilt Dimension API, Quilted Fabric Command API (v2), Quilted Fabric Events Interaction (v0), Quilt Tooltip API, Quilted Fabric Rendering Data Attachment (v1), Quilted Fabric Registry Sync (v0), Quilted Fabric Object Builder API (v1), Quilted Fabric Convention Tags API (v1), Quilted Fabric Entity Events (v1), Quilt Base API, Quilt Registry Entry Attachments, Quilt Lifecycle Events, Quilted Fabric Resource Loader (v0), Quilted Fabric Item API (v1), Quilted Fabric Screen API (v1), Quilted Fabric Models (v0), Quilted Fabric Biome API (v1), Quilted Fabric Message API (v1), Quilted Fabric Content Registries (v0), Quilted Fabric API Base, Quilted Fabric Particles (v1), Quilted Fabric Mining Level API (v1), Quilt Crash Info, Quilted Fabric BlockRenderLayer Registration (v1), Quilted Fabric Data Generation API (v1), Quilt Client Command API, Quilt Biome API, Quilt Loader, Quilted Fabric Key Binding API (v1))
[09:03:41] [Realms Notification Availability checker #1/INFO] (Minecraft) Could not authorize you against Realms server: Invalid session id
[09:03:44] [Worker-Main-14/WARN] (Minecraft) Exception loading blockstate definition: 'multiplatform:blockstates/test.json' missing model for variant: 'multiplatform:test#'
[09:03:44] [Worker-Main-14/WARN] (Minecraft) Unable to load model: 'multiplatform:test#inventory' referenced from: multiplatform:test#inventory: java.io.FileNotFoundException: multiplatform:models/item/test.json
[09:03:45] [Render thread/WARN] (Minecraft) Missing sound for event: minecraft:item.goat_horn.play
[09:03:45] [Render thread/WARN] (Minecraft) Missing sound for event: minecraft:entity.goat.screaming.horn_break
[09:03:46] [Render thread/INFO] (Minecraft) OpenAL initialized on device OpenAL Soft on Headphones (Realtek(R) Audio)
[09:03:46] [Render thread/INFO] (Minecraft) Sound engine started
[09:03:47] [Render thread/INFO] (Minecraft) Created: 1024x1024x4 minecraft:textures/atlas/blocks.png-atlas
[09:03:47] [Render thread/INFO] (Minecraft) Created: 256x128x4 minecraft:textures/atlas/signs.png-atlas
[09:03:47] [Render thread/INFO] (Minecraft) Created: 1024x512x4 minecraft:textures/atlas/banner_patterns.png-atlas
[09:03:47] [Render thread/INFO] (Minecraft) Created: 1024x512x4 minecraft:textures/atlas/shield_patterns.png-atlas
[09:03:47] [Render thread/INFO] (Minecraft) Created: 256x256x4 minecraft:textures/atlas/chest.png-atlas
[09:03:47] [Render thread/INFO] (Minecraft) Created: 512x256x4 minecraft:textures/atlas/beds.png-atlas
[09:03:47] [Render thread/INFO] (Minecraft) Created: 512x256x4 minecraft:textures/atlas/shulker_boxes.png-atlas
[09:03:49] [Render thread/WARN] (Minecraft) Shader rendertype_entity_translucent_emissive could not find sampler named Sampler2 in the specified shader program.
[09:03:50] [Render thread/INFO] (Minecraft) Created: 512x256x0 minecraft:textures/atlas/particles.png-atlas
[09:03:50] [Render thread/INFO] (Minecraft) Created: 256x256x0 minecraft:textures/atlas/paintings.png-atlas
[09:03:50] [Render thread/INFO] (Minecraft) Created: 256x128x0 minecraft:textures/atlas/mob_effects.png-atlas
[09:03:58] [Render thread/WARN] (Minecraft) Missing data pack Fabric Mods
[09:03:59] [Render thread/INFO] (RecipeManagerImpl) Registered 0 custom recipes.
[09:03:59] [Render thread/INFO] (RecipeManagerImpl) Modified 0 recipes.
[09:03:59] [Render thread/INFO] (RecipeManagerImpl) Removed 0 recipes.
[09:03:59] [Render thread/INFO] (Minecraft) Loaded 7 recipes
[09:04:00] [Render thread/INFO] (Minecraft) Loaded 1179 advancements
[09:04:01] [Render thread/INFO] (BiomeModificationImpl) Applied 0 biome modifications to 0 of 63 new biomes in 5.876 ms
[09:04:01] [Server thread/INFO] (Minecraft) Starting integrated minecraft server version 1.19
[09:04:01] [Server thread/INFO] (Minecraft) Generating keypair
[09:04:02] [Server thread/INFO] (Minecraft) Preparing start region for dimension minecraft:overworld
[09:04:05] [Render thread/INFO] (Minecraft) Preparing spawn area: 0%
[09:04:05] [Render thread/INFO] (Minecraft) Preparing spawn area: 0%
[09:04:06] [Render thread/INFO] (Minecraft) Preparing spawn area: 0%
[09:04:06] [Render thread/INFO] (Minecraft) Preparing spawn area: 0%
[09:04:06] [Render thread/INFO] (Minecraft) Preparing spawn area: 0%
[09:04:06] [Render thread/INFO] (Minecraft) Preparing spawn area: 0%
[09:04:06] [Render thread/INFO] (Minecraft) Preparing spawn area: 0%
[09:04:06] [Render thread/INFO] (Minecraft) Preparing spawn area: 0%
[09:04:06] [Render thread/INFO] (Minecraft) Preparing spawn area: 0%
[09:04:06] [Render thread/INFO] (Minecraft) Preparing spawn area: 5%
[09:04:07] [Render thread/INFO] (Minecraft) Preparing spawn area: 44%
[09:04:07] [Render thread/INFO] (Minecraft) Preparing spawn area: 96%
[09:04:07] [Render thread/INFO] (Minecraft) Time elapsed: 5521 ms
[09:04:08] [Server thread/INFO] (Minecraft) Changing view distance to 12, from 10
[09:04:08] [Server thread/INFO] (Minecraft) Changing simulation distance to 12, from 0
[09:04:11] [Server thread/INFO] (Minecraft) Player499[local:E:146553fc] logged in with entity id 205 at (-15.933227944951028, 65.0, 103.36369546877528)
[09:04:11] [Server thread/INFO] (Minecraft) Player499 joined the game
[09:04:15] [Render thread/INFO] (Minecraft) Loaded 0 advancements
[09:04:16] [Server thread/INFO] (Minecraft) Saving and pausing game...
[09:04:16] [Server thread/INFO] (Minecraft) Saving chunks for level 'ServerLevel[Test]'/minecraft:overworld
[09:04:17] [Server thread/INFO] (Minecraft) Saving chunks for level 'ServerLevel[Test]'/minecraft:the_nether
[09:04:17] [Server thread/INFO] (Minecraft) Saving chunks for level 'ServerLevel[Test]'/minecraft:the_end
[09:04:19] [Worker-Bootstrap-9/INFO] (Minecraft) 4256 Datafixer optimizations took 46214 milliseconds
[09:04:58] [Server thread/INFO] (Minecraft) Saving and pausing game...
[09:04:58] [Server thread/INFO] (Minecraft) Saving chunks for level 'ServerLevel[Test]'/minecraft:overworld
[09:04:58] [Server thread/INFO] (Minecraft) Saving chunks for level 'ServerLevel[Test]'/minecraft:the_nether
[09:04:58] [Server thread/INFO] (Minecraft) Saving chunks for level 'ServerLevel[Test]'/minecraft:the_end
[09:04:59] [Server thread/INFO] (Minecraft) Player499 lost connection: Disconnected
[09:04:59] [Server thread/INFO] (Minecraft) Player499 left the game
[09:04:59] [Server thread/INFO] (Minecraft) Stopping singleplayer server as player logged out
[09:04:59] [Server thread/INFO] (Minecraft) Stopping server
[09:04:59] [Server thread/INFO] (Minecraft) Saving players
[09:04:59] [Server thread/INFO] (Minecraft) Saving worlds
[09:04:59] [Server thread/INFO] (Minecraft) Saving chunks for level 'ServerLevel[Test]'/minecraft:overworld
[09:04:59] [Server thread/INFO] (Minecraft) Saving chunks for level 'ServerLevel[Test]'/minecraft:the_nether
[09:04:59] [Server thread/INFO] (Minecraft) Saving chunks for level 'ServerLevel[Test]'/minecraft:the_end
[09:04:59] [Server thread/INFO] (Minecraft) ThreadedAnvilChunkStorage (Test): All chunks are saved
[09:04:59] [Server thread/INFO] (Minecraft) ThreadedAnvilChunkStorage (DIM-1): All chunks are saved
[09:04:59] [Server thread/INFO] (Minecraft) ThreadedAnvilChunkStorage (DIM1): All chunks are saved
[09:04:59] [Server thread/INFO] (Minecraft) ThreadedAnvilChunkStorage: All dimensions are saved
[09:05:00] [Render thread/INFO] (Minecraft) Stopping!
